#
# There is insufficient memory for the Java Runtime Environment to continue.
# Native memory allocation (malloc) failed to allocate 742976 bytes for Chunk::new
# Possible reasons:
#   The system is out of physical RAM or swap space
#   The process is running with CompressedOops enabled, and the Java Heap may be blocking the growth of the native heap
# Possible solutions:
#   Reduce memory load on the system
#   Increase physical memory or swap space
#   Check if swap backing store is full
#   Decrease Java heap size (-Xmx/-Xms)
#   Decrease number of Java threads
#   Decrease Java thread stack sizes (-Xss)
#   Set larger code cache with -XX:ReservedCodeCacheSize=
#   JVM is running with Unscaled Compressed Oops mode in which the Java heap is
#     placed in the first 4GB address space. The Java Heap base address is the
#     maximum limit for the native heap growth. Please use -XX:HeapBaseMinAddress
#     to set the Java Heap base and to place the Java Heap above 4GB virtual address.
# This output file may be truncated or incomplete.
#
#  Out of Memory Error (allocation.cpp:389), pid=11340, tid=0x0000000000003428
#
# JRE version: OpenJDK Runtime Environment (8.0_242-b01) (build 1.8.0_242-release-1644-b01)
# Java VM: OpenJDK 64-Bit Server VM (25.242-b01 mixed mode windows-amd64 compressed oops)
# Failed to write core dump. Minidumps are not enabled by default on client versions of Windows
#

---------------  T H R E A D  ---------------

Current thread (0x0000000019bec000):  JavaThread "C2 CompilerThread1" daemon [_thread_in_native, id=13352, stack(0x000000001a5b0000,0x000000001a6b0000)]

Stack: [0x000000001a5b0000,0x000000001a6b0000]
[error occurred during error reporting (printing stack bounds), id 0xc0000005]

Native frames: (J=compiled Java code, j=interpreted, Vv=VM code, C=native code)


Current CompileTask:
C2: 884812 26251       4       java.net.URLClassLoader$1::run (5 bytes)


---------------  P R O C E S S  ---------------

Java Threads: ( => current thread )
  0x0000000019e3d000 JavaThread "Cache worker for Java compile cache (D:\APPSTUDIO\SKILL-ORIENTO-V1\skills_ontario_android\.gradle\6.5\javaCompile)" [_thread_blocked, id=6744, stack(0x0000000029a80000,0x0000000029b80000)]
  0x0000000019e40800 JavaThread "Cache worker for Java compile cache (C:\Users\AppStudio\.gradle\caches\6.5\javaCompile)" [_thread_blocked, id=7356, stack(0x0000000023350000,0x0000000023450000)]
  0x000000001c94a000 JavaThread "RMI TCP Connection(2)-127.0.0.1" daemon [_thread_in_native, id=12124, stack(0x0000000029d80000,0x0000000029e80000)]
  0x000000001c94b000 JavaThread "RMI TCP Connection(1)-127.0.0.1" daemon [_thread_in_native, id=17568, stack(0x000000002a880000,0x000000002a980000)]
  0x000000001c948000 JavaThread "RMI Reaper" [_thread_blocked, id=14540, stack(0x000000002a780000,0x000000002a880000)]
  0x000000001ecc8000 JavaThread "RMI TCP Accept-0" daemon [_thread_in_native, id=1780, stack(0x000000002a680000,0x000000002a780000)]
  0x000000001ecce000 JavaThread "GC Daemon" daemon [_thread_blocked, id=16560, stack(0x000000002a380000,0x000000002a480000)]
  0x000000001ecca800 JavaThread "RMI Scheduler(0)" daemon [_thread_blocked, id=17896, stack(0x0000000029980000,0x0000000029a80000)]
  0x000000001c853800 JavaThread "ForkJoinPool.commonPool-worker-2" daemon [_thread_blocked, id=19360, stack(0x0000000028680000,0x0000000028780000)]
  0x000000001c855000 JavaThread "ForkJoinPool.commonPool-worker-1" daemon [_thread_blocked, id=3832, stack(0x0000000023a50000,0x0000000023b50000)]
  0x000000001c854800 JavaThread "WorkerExecutor Queue Thread 11" [_thread_blocked, id=12264, stack(0x0000000025ce0000,0x0000000025de0000)]
  0x000000001c85a800 JavaThread "WorkerExecutor Queue Thread 10" [_thread_blocked, id=19172, stack(0x0000000023450000,0x0000000023550000)]
  0x00000000220f7800 JavaThread "stdout" [_thread_in_native, id=17992, stack(0x0000000027f80000,0x0000000028080000)]
  0x00000000220f6000 JavaThread "stderr" [_thread_in_native, id=5320, stack(0x0000000027e80000,0x0000000027f80000)]
  0x00000000220ee000 JavaThread "stdout" [_thread_in_native, id=13192, stack(0x0000000027d80000,0x0000000027e80000)]
  0x00000000220f1000 JavaThread "stderr" [_thread_in_native, id=10648, stack(0x0000000027c80000,0x0000000027d80000)]
  0x00000000220f5000 JavaThread "stdout" [_thread_in_native, id=8556, stack(0x0000000027b80000,0x0000000027c80000)]
  0x00000000220f0800 JavaThread "stderr" [_thread_in_native, id=6004, stack(0x0000000027a80000,0x0000000027b80000)]
  0x00000000220f4000 JavaThread "stdout" [_thread_in_native, id=8328, stack(0x0000000027980000,0x0000000027a80000)]
  0x00000000220f3800 JavaThread "stderr" [_thread_in_native, id=16864, stack(0x0000000027880000,0x0000000027980000)]
  0x00000000220ef800 JavaThread "stdout" [_thread_in_native, id=9764, stack(0x0000000027780000,0x0000000027880000)]
  0x00000000220f2800 JavaThread "stderr" [_thread_in_native, id=17536, stack(0x0000000027680000,0x0000000027780000)]
  0x000000001ca44800 JavaThread "stdout" [_thread_in_native, id=17416, stack(0x0000000027580000,0x0000000027680000)]
  0x000000001ca4a800 JavaThread "stderr" [_thread_in_native, id=1252, stack(0x0000000027480000,0x0000000027580000)]
  0x000000001ca49800 JavaThread "stdout" [_thread_in_native, id=18064, stack(0x0000000027380000,0x0000000027480000)]
  0x000000001ca41800 JavaThread "stderr" [_thread_in_native, id=6672, stack(0x0000000027280000,0x0000000027380000)]
  0x000000001ca40800 JavaThread "stdout" [_thread_in_native, id=19208, stack(0x0000000027180000,0x0000000027280000)]
  0x000000001ca46000 JavaThread "stderr" [_thread_in_native, id=15936, stack(0x0000000027080000,0x0000000027180000)]
  0x000000001ca45000 JavaThread "pool-4-thread-1" [_thread_blocked, id=13532, stack(0x0000000026ac0000,0x0000000026bc0000)]
  0x000000001ca40000 JavaThread "WorkerExecutor Queue Thread 9" [_thread_blocked, id=10836, stack(0x00000000260e0000,0x00000000261e0000)]
  0x000000001ca3d800 JavaThread "MarlinRenderer Disposer" daemon [_thread_blocked, id=17608, stack(0x00000000267c0000,0x00000000268c0000)]
  0x000000001ca3f000 JavaThread "Java2D Disposer" daemon [_thread_blocked, id=4056, stack(0x0000000026220000,0x0000000026320000)]
  0x000000001ecc6800 JavaThread "WorkerExecutor Queue Thread 8" [_thread_blocked, id=6228, stack(0x0000000025de0000,0x0000000025ee0000)]
  0x000000001ecc9800 JavaThread "WorkerExecutor Queue Thread 6" [_thread_blocked, id=4880, stack(0x0000000024a70000,0x0000000024b70000)]
  0x000000001ecc8800 JavaThread "WorkerExecutor Queue Thread 5" [_thread_blocked, id=3872, stack(0x0000000024350000,0x0000000024450000)]
  0x000000001eccb000 JavaThread "WorkerExecutor Queue Thread 3" [_thread_blocked, id=2364, stack(0x0000000023550000,0x0000000023650000)]
  0x000000001ecc3800 JavaThread "WorkerExecutor Queue" [_thread_blocked, id=9420, stack(0x0000000023250000,0x0000000023350000)]
  0x000000001c85f000 JavaThread "Cache worker for execution history cache (D:\APPSTUDIO\SKILL-ORIENTO-V1\skills_ontario_android\.gradle\6.5\executionHistory)" [_thread_blocked, id=19016, stack(0x00000000335b0000,0x00000000336b0000)]
  0x000000001c862800 JavaThread "Execution worker for ':' Thread 7" [_thread_blocked, id=3560, stack(0x00000000334b0000,0x00000000335b0000)]
  0x000000001c861000 JavaThread "Execution worker for ':' Thread 6" [_thread_in_vm, id=15476, stack(0x00000000333b0000,0x00000000334b0000)]
  0x000000001c860800 JavaThread "Execution worker for ':' Thread 5" [_thread_blocked, id=10204, stack(0x00000000332b0000,0x00000000333b0000)]
  0x000000001c857800 JavaThread "Execution worker for ':' Thread 4" [_thread_blocked, id=13164, stack(0x00000000331b0000,0x00000000332b0000)]
  0x000000001c85e000 JavaThread "Execution worker for ':' Thread 3" [_thread_blocked, id=11224, stack(0x0000000032050000,0x0000000032150000)]
  0x000000001c856800 JavaThread "Execution worker for ':' Thread 2" [_thread_blocked, id=6164, stack(0x0000000031f50000,0x0000000032050000)]
  0x000000001c85d800 JavaThread "Execution worker for ':'" [_thread_blocked, id=10628, stack(0x0000000031e50000,0x0000000031f50000)]
  0x000000001c856000 JavaThread "Cache worker for file content cache (D:\APPSTUDIO\SKILL-ORIENTO-V1\skills_ontario_android\.gradle\6.5\fileContent)" [_thread_blocked, id=15768, stack(0x0000000031a40000,0x0000000031b40000)]
  0x000000001c85c800 JavaThread "pool-3-thread-1" [_thread_blocked, id=12436, stack(0x0000000031940000,0x0000000031a40000)]
  0x000000001c85b000 JavaThread "Cache worker for Build Output Cleanup Cache (D:\APPSTUDIO\SKILL-ORIENTO-V1\skills_ontario_android\.gradle\buildOutputCleanup)" [_thread_blocked, id=19200, stack(0x0000000030c40000,0x0000000030d40000)]
  0x000000001ca42000 JavaThread "Build operations Thread 8" [_thread_blocked, id=11128, stack(0x0000000022e50000,0x0000000022f50000)]
  0x000000001ca43800 JavaThread "Build operations Thread 7" [_thread_blocked, id=10840, stack(0x0000000022d50000,0x0000000022e50000)]
  0x000000001ca43000 JavaThread "Build operations Thread 6" [_thread_blocked, id=240, stack(0x0000000022c50000,0x0000000022d50000)]
  0x000000001ca3c000 JavaThread "Build operations Thread 5" [_thread_blocked, id=13020, stack(0x0000000022b50000,0x0000000022c50000)]
  0x0000000019e43800 JavaThread "Build operations Thread 4" [_thread_blocked, id=12088, stack(0x0000000022a50000,0x0000000022b50000)]
  0x0000000019e47800 JavaThread "Build operations Thread 3" [_thread_blocked, id=4780, stack(0x00000000226a0000,0x00000000227a0000)]
  0x0000000019e46800 JavaThread "Build operations Thread 2" [_thread_blocked, id=288, stack(0x00000000225a0000,0x00000000226a0000)]
  0x0000000019e4a800 JavaThread "Build operations" [_thread_blocked, id=9412, stack(0x00000000224a0000,0x00000000225a0000)]
  0x0000000019e49800 JavaThread "Cache worker for cache directory md-rule (C:\Users\AppStudio\.gradle\caches\6.5\md-rule)" [_thread_blocked, id=12340, stack(0x0000000021370000,0x0000000021470000)]
  0x0000000019e45000 JavaThread "Cache worker for cache directory md-supplier (C:\Users\AppStudio\.gradle\caches\6.5\md-supplier)" [_thread_blocked, id=13616, stack(0x0000000021270000,0x0000000021370000)]
  0x0000000019e44800 JavaThread "Cache worker for checksums cache (D:\APPSTUDIO\SKILL-ORIENTO-V1\skills_ontario_android\.gradle\checksums)" [_thread_blocked, id=10320, stack(0x0000000020d70000,0x0000000020e70000)]
  0x0000000019e48000 JavaThread "Cache worker for file hash cache (D:\APPSTUDIO\SKILL-ORIENTO-V1\skills_ontario_android\.gradle\6.5\fileHashes)" [_thread_blocked, id=16200, stack(0x000000001e5d0000,0x000000001e6d0000)]
  0x0000000019e46000 JavaThread "Thread-162" [_thread_blocked, id=11828, stack(0x000000001e2d0000,0x000000001e3d0000)]
  0x0000000019e3c000 JavaThread "Asynchronous log dispatcher for DefaultDaemonConnection: socket connection from /127.0.0.1:58731 to /127.0.0.1:63614" [_thread_blocked, id=12128, stack(0x000000001e0d0000,0x000000001e1d0000)]
  0x0000000019e43000 JavaThread "Daemon worker Thread 2" [_thread_blocked, id=15648, stack(0x000000001dfd0000,0x000000001e0d0000)]
  0x0000000019e42000 JavaThread "Cancel handler" [_thread_blocked, id=9416, stack(0x000000001d990000,0x000000001da90000)]
  0x0000000019e41800 JavaThread "Handler for socket connection from /127.0.0.1:58731 to /127.0.0.1:63614" [_thread_in_native, id=1400, stack(0x000000001d890000,0x000000001d990000)]
  0x0000000019e3d800 JavaThread "Daemon Thread 2" [_thread_blocked, id=9052, stack(0x0000000001160000,0x0000000001260000)]
  0x00000000220f8000 JavaThread "Memory manager" [_thread_blocked, id=14476, stack(0x000000002e3f0000,0x000000002e4f0000)]
  0x000000001ca48000 JavaThread "Cache worker for file content cache (C:\Users\AppStudio\.gradle\caches\6.5\fileContent)" [_thread_blocked, id=16992, stack(0x0000000024250000,0x0000000024350000)]
  0x000000001ca46800 JavaThread "Cache worker for execution history cache (C:\Users\AppStudio\.gradle\caches\6.5\executionHistory)" [_thread_blocked, id=9804, stack(0x0000000023d50000,0x0000000023e50000)]
  0x000000001c94d000 JavaThread "Cache worker for file hash cache (C:\Users\AppStudio\.gradle\caches\6.5\fileHashes)" [_thread_blocked, id=2012, stack(0x000000001faa0000,0x000000001fba0000)]
  0x000000001c946800 JavaThread "File lock request listener" [_thread_in_native, id=9776, stack(0x000000001e9d0000,0x000000001ead0000)]
  0x000000001c818000 JavaThread "Cache worker for journal cache (C:\Users\AppStudio\.gradle\caches\journal-1)" [_thread_blocked, id=12992, stack(0x000000001e8d0000,0x000000001e9d0000)]
  0x000000001aae9800 JavaThread "Daemon periodic checks" [_thread_blocked, id=9876, stack(0x000000001dcd0000,0x000000001ddd0000)]
  0x000000001c7aa000 JavaThread "Incoming local TCP Connector on port 58731" [_thread_in_native, id=9660, stack(0x000000001da90000,0x000000001db90000)]
  0x000000001c71d000 JavaThread "Daemon health stats" [_thread_blocked, id=15428, stack(0x000000001d450000,0x000000001d550000)]
  0x0000000019c89000 JavaThread "Service Thread" daemon [_thread_blocked, id=11496, stack(0x000000001a8b0000,0x000000001a9b0000)]
  0x0000000019bfb800 JavaThread "C1 CompilerThread3" daemon [_thread_blocked, id=12864, stack(0x000000001a7b0000,0x000000001a8b0000)]
  0x0000000019bf8000 JavaThread "C2 CompilerThread2" daemon [_thread_in_native, id=12728, stack(0x000000001a6b0000,0x000000001a7b0000)]
=>0x0000000019bec000 JavaThread "C2 CompilerThread1" daemon [_thread_in_native, id=13352, stack(0x000000001a5b0000,0x000000001a6b0000)]
  0x0000000017dcb000 JavaThread "C2 CompilerThread0" daemon [_thread_in_native, id=15992, stack(0x000000001a4b0000,0x000000001a5b0000)]
  0x0000000019be5000 JavaThread "Attach Listener" daemon [_thread_blocked, id=6604, stack(0x000000001a3b0000,0x000000001a4b0000)]
  0x0000000019be4000 JavaThread "Signal Dispatcher" daemon [_thread_blocked, id=10088, stack(0x000000001a2b0000,0x000000001a3b0000)]
  0x0000000019bd1800 JavaThread "Finalizer" daemon [_thread_blocked, id=12520, stack(0x000000001a0b0000,0x000000001a1b0000)]
  0x0000000019bd0800 JavaThread "Reference Handler" daemon [_thread_blocked, id=11856, stack(0x0000000019fb0000,0x000000001a0b0000)]
  0x0000000002a6e000 JavaThread "main" [_thread_blocked, id=19188, stack(0x0000000002b50000,0x0000000002c50000)]

Other Threads:
  0x0000000017db8000 VMThread [stack: 0x0000000019ab0000,0x0000000019bb0000] [id=10456]
  0x0000000019c89800 WatcherThread [stack: 0x000000001a9b0000,0x000000001aab0000] [id=1228]

VM state:not at safepoint (normal execution)

VM Mutex/Monitor currently owned by a thread: None

OutOfMemory and StackOverflow Exception counts:
OutOfMemoryError java_heap_errors=1

heap address: 0x0000000080000000, size: 2048 MB, Compressed Oops mode: 32-bit
Narrow klass base: 0x0000000000000000, Narrow klass shift: 3
Compressed class space size: 1073741824 Address: 0x0000000100000000

Heap:
 PSYoungGen      total 549888K, used 387591K [0x00000000d5580000, 0x0000000100000000, 0x0000000100000000)
  eden space 439808K, 63% used [0x00000000d5580000,0x00000000e6487f08,0x00000000f0300000)
  from space 110080K, 99% used [0x00000000f9480000,0x00000000ffffa0f0,0x0000000100000000)
  to   space 129536K, 0% used [0x00000000f0300000,0x00000000f0300000,0x00000000f8180000)
 ParOldGen       total 512000K, used 233888K [0x0000000080000000, 0x000000009f400000, 0x00000000d5580000)
  object space 512000K, 45% used [0x0000000080000000,0x000000008e468068,0x000000009f400000)
 Metaspace       used 138106K, capacity 144246K, committed 144532K, reserved 1175552K
  class space    used 17697K, capacity 19041K, committed 19132K, reserved 1048576K

Card table byte_map: [0x0000000012110000,0x0000000012520000] byte_map_base: 0x0000000011d10000

Marking Bits: (ParMarkBitMap*) 0x000000007140f030
 Begin Bits: [0x0000000012fd0000, 0x0000000014fd0000)
 End Bits:   [0x0000000014fd0000, 0x0000000016fd0000)

Polling page: 0x0000000002ad0000

CodeCache: size=245760Kb used=66463Kb max_used=70689Kb free=179296Kb
 bounds [0x0000000002d50000, 0x00000000072f0000, 0x0000000011d50000]
 total_blobs=20821 nmethods=19718 adapters=1012
 compilation: enabled

Compilation events (10 events):
Event: 884.760 Thread 0x0000000019bfb800 26262       3       com.android.builder.merge.DelegateIncrementalFileMergerInput::openPath (11 bytes)
Event: 884.760 Thread 0x0000000019bfb800 nmethod 26262 0x00000000064b2510 code [0x00000000064b2680, 0x00000000064b28a8]
Event: 884.778 Thread 0x0000000019bfb800 26263       3       com.android.builder.merge.LazyIncrementalFileMergerInput::lambda$new$1 (54 bytes)
Event: 884.780 Thread 0x0000000019bfb800 nmethod 26263 0x00000000063bcc10 code [0x00000000063bce80, 0x00000000063bdfa8]
Event: 884.780 Thread 0x0000000019bfb800 26264       3       com.google.common.collect.SingletonImmutableList::spliterator (13 bytes)
Event: 884.781 Thread 0x0000000019bfb800 nmethod 26264 0x00000000053aecd0 code [0x00000000053aee80, 0x00000000053af410]
Event: 884.781 Thread 0x0000000019bfb800 26265       3       java.util.Collections$2::forEachRemaining (7 bytes)
Event: 884.781 Thread 0x0000000019bfb800 nmethod 26265 0x00000000070f9bd0 code [0x00000000070f9d40, 0x00000000070f9f48]
Event: 884.789 Thread 0x0000000019bfb800 26267       3       org.objectweb.asm.SymbolTable::addConstantFloat (10 bytes)
Event: 884.790 Thread 0x0000000019bfb800 nmethod 26267 0x00000000060a3ad0 code [0x00000000060a3c40, 0x00000000060a3de8]

GC Heap History (10 events):
Event: 870.967 GC heap before
{Heap before GC invocations=37 (full 4):
 PSYoungGen      total 586240K, used 570521K [0x00000000d5580000, 0x00000000ff900000, 0x0000000100000000)
  eden space 515072K, 100% used [0x00000000d5580000,0x00000000f4c80000,0x00000000f4c80000)
  from space 71168K, 77% used [0x00000000f9680000,0x00000000fcca6700,0x00000000fdc00000)
  to   space 75776K, 0% used [0x00000000f4c80000,0x00000000f4c80000,0x00000000f9680000)
 ParOldGen       total 315392K, used 238918K [0x0000000080000000, 0x0000000093400000, 0x00000000d5580000)
  object space 315392K, 75% used [0x0000000080000000,0x000000008e951830,0x0000000093400000)
 Metaspace       used 124464K, capacity 130340K, committed 130708K, reserved 1163264K
  class space    used 15744K, capacity 17009K, committed 17084K, reserved 1048576K
Event: 871.060 GC heap after
Heap after GC invocations=37 (full 4):
 PSYoungGen      total 590848K, used 75753K [0x00000000d5580000, 0x0000000100000000, 0x0000000100000000)
  eden space 515072K, 0% used [0x00000000d5580000,0x00000000d5580000,0x00000000f4c80000)
  from space 75776K, 99% used [0x00000000f4c80000,0x00000000f967a740,0x00000000f9680000)
  to   space 108032K, 0% used [0x00000000f9680000,0x00000000f9680000,0x0000000100000000)
 ParOldGen       total 315392K, used 299204K [0x0000000080000000, 0x0000000093400000, 0x00000000d5580000)
  object space 315392K, 94% used [0x0000000080000000,0x0000000092431068,0x0000000093400000)
 Metaspace       used 124464K, capacity 130340K, committed 130708K, reserved 1163264K
  class space    used 15744K, capacity 17009K, committed 17084K, reserved 1048576K
}
Event: 871.060 GC heap before
{Heap before GC invocations=38 (full 5):
 PSYoungGen      total 590848K, used 75753K [0x00000000d5580000, 0x0000000100000000, 0x0000000100000000)
  eden space 515072K, 0% used [0x00000000d5580000,0x00000000d5580000,0x00000000f4c80000)
  from space 75776K, 99% used [0x00000000f4c80000,0x00000000f967a740,0x00000000f9680000)
  to   space 108032K, 0% used [0x00000000f9680000,0x00000000f9680000,0x0000000100000000)
 ParOldGen       total 315392K, used 299204K [0x0000000080000000, 0x0000000093400000, 0x00000000d5580000)
  object space 315392K, 94% used [0x0000000080000000,0x0000000092431068,0x0000000093400000)
 Metaspace       used 124464K, capacity 130340K, committed 130708K, reserved 1163264K
  class space    used 15744K, capacity 17009K, committed 17084K, reserved 1048576K
Event: 871.549 GC heap after
Heap after GC invocations=38 (full 5):
 PSYoungGen      total 590848K, used 0K [0x00000000d5580000, 0x0000000100000000, 0x0000000100000000)
  eden space 515072K, 0% used [0x00000000d5580000,0x00000000d5580000,0x00000000f4c80000)
  from space 75776K, 0% used [0x00000000f4c80000,0x00000000f4c80000,0x00000000f9680000)
  to   space 108032K, 0% used [0x00000000f9680000,0x00000000f9680000,0x0000000100000000)
 ParOldGen       total 512000K, used 225335K [0x0000000080000000, 0x000000009f400000, 0x00000000d5580000)
  object space 512000K, 44% used [0x0000000080000000,0x000000008dc0df20,0x000000009f400000)
 Metaspace       used 124434K, capacity 130270K, committed 130708K, reserved 1163264K
  class space    used 15737K, capacity 16996K, committed 17084K, reserved 1048576K
}
Event: 877.099 GC heap before
{Heap before GC invocations=39 (full 5):
 PSYoungGen      total 590848K, used 515072K [0x00000000d5580000, 0x0000000100000000, 0x0000000100000000)
  eden space 515072K, 100% used [0x00000000d5580000,0x00000000f4c80000,0x00000000f4c80000)
  from space 75776K, 0% used [0x00000000f4c80000,0x00000000f4c80000,0x00000000f9680000)
  to   space 108032K, 0% used [0x00000000f9680000,0x00000000f9680000,0x0000000100000000)
 ParOldGen       total 512000K, used 225335K [0x0000000080000000, 0x000000009f400000, 0x00000000d5580000)
  object space 512000K, 44% used [0x0000000080000000,0x000000008dc0df20,0x000000009f400000)
 Metaspace       used 124802K, capacity 130684K, committed 130964K, reserved 1163264K
  class space    used 15767K, capacity 17039K, committed 17084K, reserved 1048576K
Event: 877.127 GC heap after
Heap after GC invocations=39 (full 5):
 PSYoungGen      total 595456K, used 46958K [0x00000000d5580000, 0x0000000100000000, 0x0000000100000000)
  eden space 487424K, 0% used [0x00000000d5580000,0x00000000d5580000,0x00000000f3180000)
  from space 108032K, 43% used [0x00000000f9680000,0x00000000fc45ba80,0x0000000100000000)
  to   space 103424K, 0% used [0x00000000f3180000,0x00000000f3180000,0x00000000f9680000)
 ParOldGen       total 512000K, used 225343K [0x0000000080000000, 0x000000009f400000, 0x00000000d5580000)
  object space 512000K, 44% used [0x0000000080000000,0x000000008dc0ff20,0x000000009f400000)
 Metaspace       used 124802K, capacity 130684K, committed 130964K, reserved 1163264K
  class space    used 15767K, capacity 17039K, committed 17084K, reserved 1048576K
}
Event: 881.381 GC heap before
{Heap before GC invocations=40 (full 5):
 PSYoungGen      total 595456K, used 534382K [0x00000000d5580000, 0x0000000100000000, 0x0000000100000000)
  eden space 487424K, 100% used [0x00000000d5580000,0x00000000f3180000,0x00000000f3180000)
  from space 108032K, 43% used [0x00000000f9680000,0x00000000fc45ba80,0x0000000100000000)
  to   space 103424K, 0% used [0x00000000f3180000,0x00000000f3180000,0x00000000f9680000)
 ParOldGen       total 512000K, used 225343K [0x0000000080000000, 0x000000009f400000, 0x00000000d5580000)
  object space 512000K, 44% used [0x0000000080000000,0x000000008dc0ff20,0x000000009f400000)
 Metaspace       used 127408K, capacity 133460K, committed 133652K, reserved 1165312K
  class space    used 16048K, capacity 17352K, committed 17468K, reserved 1048576K
Event: 881.434 GC heap after
Heap after GC invocations=40 (full 5):
 PSYoungGen      total 567808K, used 79889K [0x00000000d5580000, 0x0000000100000000, 0x0000000100000000)
  eden space 487424K, 0% used [0x00000000d5580000,0x00000000d5580000,0x00000000f3180000)
  from space 80384K, 99% used [0x00000000f3180000,0x00000000f7f845b8,0x00000000f8000000)
  to   space 110080K, 0% used [0x00000000f9480000,0x00000000f9480000,0x0000000100000000)
 ParOldGen       total 512000K, used 225351K [0x0000000080000000, 0x000000009f400000, 0x00000000d5580000)
  object space 512000K, 44% used [0x0000000080000000,0x000000008dc11f20,0x000000009f400000)
 Metaspace       used 127408K, capacity 133460K, committed 133652K, reserved 1165312K
  class space    used 16048K, capacity 17352K, committed 17468K, reserved 1048576K
}
Event: 884.011 GC heap before
{Heap before GC invocations=41 (full 5):
 PSYoungGen      total 567808K, used 567313K [0x00000000d5580000, 0x0000000100000000, 0x0000000100000000)
  eden space 487424K, 100% used [0x00000000d5580000,0x00000000f3180000,0x00000000f3180000)
  from space 80384K, 99% used [0x00000000f3180000,0x00000000f7f845b8,0x00000000f8000000)
  to   space 110080K, 0% used [0x00000000f9480000,0x00000000f9480000,0x0000000100000000)
 ParOldGen       total 512000K, used 225351K [0x0000000080000000, 0x000000009f400000, 0x00000000d5580000)
  object space 512000K, 44% used [0x0000000080000000,0x000000008dc11f20,0x000000009f400000)
 Metaspace       used 134086K, capacity 140278K, committed 140564K, reserved 1171456K
  class space    used 17052K, capacity 18401K, committed 18492K, reserved 1048576K
Event: 884.111 GC heap after
Heap after GC invocations=41 (full 5):
 PSYoungGen      total 549888K, used 110056K [0x00000000d5580000, 0x0000000100000000, 0x0000000100000000)
  eden space 439808K, 0% used [0x00000000d5580000,0x00000000d5580000,0x00000000f0300000)
  from space 110080K, 99% used [0x00000000f9480000,0x00000000ffffa0f0,0x0000000100000000)
  to   space 129536K, 0% used [0x00000000f0300000,0x00000000f0300000,0x00000000f8180000)
 ParOldGen       total 512000K, used 233888K [0x0000000080000000, 0x000000009f400000, 0x00000000d5580000)
  object space 512000K, 45% used [0x0000000080000000,0x000000008e468068,0x000000009f400000)
 Metaspace       used 134086K, capacity 140278K, committed 140564K, reserved 1171456K
  class space    used 17052K, capacity 18401K, committed 18492K, reserved 1048576K
}

Deoptimization events (10 events):
Event: 884.377 Thread 0x000000001c861000 Uncommon trap: reason=class_check action=maybe_recompile pc=0x00000000072cbe4c method=org.objectweb.asm.ClassReader.readElementValue(Lorg/objectweb/asm/AnnotationVisitor;ILjava/lang/String;[C)I @ 593
Event: 884.401 Thread 0x000000001c861000 Uncommon trap: reason=class_check action=maybe_recompile pc=0x00000000072cbe4c method=org.objectweb.asm.ClassReader.readElementValue(Lorg/objectweb/asm/AnnotationVisitor;ILjava/lang/String;[C)I @ 593
Event: 884.401 Thread 0x000000001c861000 Uncommon trap: reason=class_check action=maybe_recompile pc=0x00000000072cbe4c method=org.objectweb.asm.ClassReader.readElementValue(Lorg/objectweb/asm/AnnotationVisitor;ILjava/lang/String;[C)I @ 593
Event: 884.557 Thread 0x000000001c861000 Uncommon trap: reason=bimorphic action=maybe_recompile pc=0x00000000064b5774 method=org.objectweb.asm.ClassReader.readElementValue(Lorg/objectweb/asm/AnnotationVisitor;ILjava/lang/String;[C)I @ 593
Event: 884.557 Thread 0x000000001c861000 Uncommon trap: reason=bimorphic action=maybe_recompile pc=0x00000000064b5774 method=org.objectweb.asm.ClassReader.readElementValue(Lorg/objectweb/asm/AnnotationVisitor;ILjava/lang/String;[C)I @ 593
Event: 884.557 Thread 0x000000001c861000 Uncommon trap: reason=bimorphic action=maybe_recompile pc=0x00000000064b5774 method=org.objectweb.asm.ClassReader.readElementValue(Lorg/objectweb/asm/AnnotationVisitor;ILjava/lang/String;[C)I @ 593
Event: 884.557 Thread 0x000000001c861000 Uncommon trap: reason=bimorphic action=maybe_recompile pc=0x00000000064b5774 method=org.objectweb.asm.ClassReader.readElementValue(Lorg/objectweb/asm/AnnotationVisitor;ILjava/lang/String;[C)I @ 593
Event: 884.649 Thread 0x000000001c861000 Uncommon trap: reason=unstable_if action=reinterpret pc=0x0000000006d35d0c method=org.objectweb.asm.MethodWriter.visitVarInsn(II)V @ 242
Event: 884.693 Thread 0x000000001c861000 Uncommon trap: reason=unstable_if action=reinterpret pc=0x0000000006da3b5c method=org.objectweb.asm.commons.AdviceAdapter.visitFieldInsn(ILjava/lang/String;Ljava/lang/String;Ljava/lang/String;)V @ 35
Event: 884.720 Thread 0x000000001ecc6800 Uncommon trap: reason=class_check action=maybe_recompile pc=0x00000000052b5910 method=com.android.builder.merge.LazyIncrementalFileMergerInput.getFileStatus(Ljava/lang/String;)Lcom/android/ide/common/resources/FileStatus; @ 31

Classes redefined (0 events):
No events

Internal exceptions (10 events):
Event: 881.631 Thread 0x0000000019e46000 Exception <a 'java/lang/NoSuchMethodError': <clinit>> (0x00000000d6dfa1a8) thrown at [C:\src\AOSP-openjdk-git\hotspot\src\share\vm\prims\jni.cpp, line 1615]
Event: 881.632 Thread 0x0000000019e46000 Exception <a 'java/lang/NoSuchMethodError': <clinit>> (0x00000000d6e04868) thrown at [C:\src\AOSP-openjdk-git\hotspot\src\share\vm\prims\jni.cpp, line 1615]
Event: 881.666 Thread 0x000000001c857800 Exception <a 'sun/nio/fs/WindowsException'> (0x00000000d6f62028) thrown at [C:\src\AOSP-openjdk-git\hotspot\src\share\vm\prims\jni.cpp, line 710]
Event: 881.667 Thread 0x000000001c857800 Exception <a 'sun/nio/fs/WindowsException'> (0x00000000d6f62d58) thrown at [C:\src\AOSP-openjdk-git\hotspot\src\share\vm\prims\jni.cpp, line 710]
Event: 881.671 Thread 0x000000001c857800 Exception <a 'sun/nio/fs/WindowsException'> (0x00000000d6f8d028) thrown at [C:\src\AOSP-openjdk-git\hotspot\src\share\vm\prims\jni.cpp, line 710]
Event: 881.671 Thread 0x000000001c857800 Exception <a 'sun/nio/fs/WindowsException'> (0x00000000d6f8e0b8) thrown at [C:\src\AOSP-openjdk-git\hotspot\src\share\vm\prims\jni.cpp, line 710]
Event: 881.677 Thread 0x000000001ecc6800 Exception <a 'sun/nio/fs/WindowsException'> (0x00000000d7674500) thrown at [C:\src\AOSP-openjdk-git\hotspot\src\share\vm\prims\jni.cpp, line 710]
Event: 883.738 Thread 0x000000001ecc6800 Implicit null exception at 0x0000000006194b2a to 0x0000000006194b79
Event: 883.738 Thread 0x000000001ecc6800 Implicit null exception at 0x0000000004a8f2b0 to 0x0000000004a8f2c0
Event: 884.786 Thread 0x000000001ecc6800 Exception <a 'java/lang/OutOfMemoryError'> (0x00000000e5d21290) thrown at [C:\src\AOSP-openjdk-git\hotspot\src\share\vm\prims\jni.cpp, line 737]

Events (10 events):
Event: 884.799 loading class androidx/constraintlayout/motion/widget/KeyCycleOscillator$1
Event: 884.799 loading class androidx/constraintlayout/motion/widget/KeyCycleOscillator$1 done
Event: 884.799 loading class androidx/constraintlayout/motion/widget/KeyCycleOscillator$AlphaSet
Event: 884.799 loading class androidx/constraintlayout/motion/widget/KeyCycleOscillator$AlphaSet done
Event: 884.800 loading class androidx/constraintlayout/motion/widget/KeyCycleOscillator$CustomSet
Event: 884.800 loading class androidx/constraintlayout/motion/widget/KeyCycleOscillator$CustomSet done
Event: 884.801 loading class androidx/constraintlayout/widget/ConstraintAttribute$AttributeType
Event: 884.801 loading class androidx/constraintlayout/widget/ConstraintAttribute$AttributeType done
Event: 884.802 loading class androidx/constraintlayout/motion/widget/KeyCycleOscillator$ElevationSet
Event: 884.802 loading class androidx/constraintlayout/motion/widget/KeyCycleOscillator$ElevationSet done


Dynamic libraries:
0x00007ff6f9da0000 - 0x00007ff6f9dd1000 	D:\SOFTWARE SETUP\AndroidStuIns\jre\bin\java.exe
0x00007ff9d3cd0000 - 0x00007ff9d3ec5000 	C:\WINDOWS\SYSTEM32\ntdll.dll
0x00007ff9d3bd0000 - 0x00007ff9d3c8d000 	C:\WINDOWS\System32\KERNEL32.DLL
0x00007ff9d1640000 - 0x00007ff9d1908000 	C:\WINDOWS\System32\KERNELBASE.dll
0x00007ff9d24c0000 - 0x00007ff9d256c000 	C:\WINDOWS\System32\ADVAPI32.dll
0x00007ff9d1d30000 - 0x00007ff9d1dce000 	C:\WINDOWS\System32\msvcrt.dll
0x00007ff9d2570000 - 0x00007ff9d260b000 	C:\WINDOWS\System32\sechost.dll
0x00007ff9d3250000 - 0x00007ff9d337b000 	C:\WINDOWS\System32\RPCRT4.dll
0x00007ff9d1e30000 - 0x00007ff9d1fd0000 	C:\WINDOWS\System32\USER32.dll
0x00007ff9d1af0000 - 0x00007ff9d1b12000 	C:\WINDOWS\System32\win32u.dll
0x00007ff9d1fd0000 - 0x00007ff9d1ffa000 	C:\WINDOWS\System32\GDI32.dll
0x00007ff9d1c20000 - 0x00007ff9d1d2b000 	C:\WINDOWS\System32\gdi32full.dll
0x00007ff9d1490000 - 0x00007ff9d152d000 	C:\WINDOWS\System32\msvcp_win.dll
0x00007ff9d1b20000 - 0x00007ff9d1c20000 	C:\WINDOWS\System32\ucrtbase.dll
0x00007ff9d0910000 - 0x00007ff9d0baa000 	C:\WINDOWS\WinSxS\amd64_microsoft.windows.common-controls_6595b64144ccf1df_6.0.19041.844_none_ca00b6081b84eb1d\COMCTL32.dll
0x00007ff9d3380000 - 0x00007ff9d33b0000 	C:\WINDOWS\System32\IMM32.DLL
0x0000000071830000 - 0x0000000071902000 	D:\SOFTWARE SETUP\AndroidStuIns\jre\jre\bin\msvcr100.dll
0x0000000070c40000 - 0x000000007148b000 	D:\SOFTWARE SETUP\AndroidStuIns\jre\jre\bin\server\jvm.dll
0x00007ff9d3950000 - 0x00007ff9d3958000 	C:\WINDOWS\System32\PSAPI.DLL
0x00007ff9aeb80000 - 0x00007ff9aeb89000 	C:\WINDOWS\SYSTEM32\WSOCK32.dll
0x00007ff9c88a0000 - 0x00007ff9c88c7000 	C:\WINDOWS\SYSTEM32\WINMM.dll
0x00007ff9d38e0000 - 0x00007ff9d394b000 	C:\WINDOWS\System32\WS2_32.dll
0x00007ff9cf1c0000 - 0x00007ff9cf1ca000 	C:\WINDOWS\SYSTEM32\VERSION.dll
0x00007ff9cade0000 - 0x00007ff9cadef000 	D:\SOFTWARE SETUP\AndroidStuIns\jre\jre\bin\verify.dll
0x00007ff9bdb60000 - 0x00007ff9bdb89000 	D:\SOFTWARE SETUP\AndroidStuIns\jre\jre\bin\java.dll
0x00007ff9cad70000 - 0x00007ff9cad86000 	D:\SOFTWARE SETUP\AndroidStuIns\jre\jre\bin\zip.dll
0x00007ff9d2b00000 - 0x00007ff9d3242000 	C:\WINDOWS\System32\SHELL32.dll
0x00007ff9ce5e0000 - 0x00007ff9ced70000 	C:\WINDOWS\SYSTEM32\windows.storage.dll
0x00007ff9d20b0000 - 0x00007ff9d2405000 	C:\WINDOWS\System32\combase.dll
0x00007ff9d0790000 - 0x00007ff9d07bc000 	C:\WINDOWS\SYSTEM32\Wldp.dll
0x00007ff9d3830000 - 0x00007ff9d38de000 	C:\WINDOWS\System32\SHCORE.dll
0x00007ff9d34e0000 - 0x00007ff9d3535000 	C:\WINDOWS\System32\shlwapi.dll
0x00007ff9d1350000 - 0x00007ff9d136f000 	C:\WINDOWS\SYSTEM32\profapi.dll
0x00007ff9c8be0000 - 0x00007ff9c8bfa000 	D:\SOFTWARE SETUP\AndroidStuIns\jre\jre\bin\net.dll
0x00007ff9d0620000 - 0x00007ff9d068a000 	C:\WINDOWS\system32\mswsock.dll
0x00007ff9c8b80000 - 0x00007ff9c8b93000 	D:\SOFTWARE SETUP\AndroidStuIns\jre\jre\bin\nio.dll
0x00007ff9bceb0000 - 0x00007ff9bced7000 	C:\Users\AppStudio\.gradle\native\f6784746aeab05261644944871eae4fe03e0ef1612fff0a4a95f87b438bc6780\windows-amd64\native-platform.dll
0x00007ff9c8eb0000 - 0x00007ff9c8ebd000 	D:\SOFTWARE SETUP\AndroidStuIns\jre\jre\bin\management.dll
0x00007ff9d11a0000 - 0x00007ff9d11b8000 	C:\WINDOWS\SYSTEM32\CRYPTSP.dll
0x00007ff9cfeb0000 - 0x00007ff9cfee4000 	C:\WINDOWS\system32\rsaenh.dll
0x00007ff9d1460000 - 0x00007ff9d1487000 	C:\WINDOWS\System32\bcrypt.dll
0x00007ff9d12d0000 - 0x00007ff9d12fe000 	C:\WINDOWS\SYSTEM32\USERENV.dll
0x00007ff9d1a70000 - 0x00007ff9d1af0000 	C:\WINDOWS\System32\bcryptprimitives.dll
0x00007ff9d05c0000 - 0x00007ff9d05cc000 	C:\WINDOWS\SYSTEM32\CRYPTBASE.dll
0x00007ff9d01e0000 - 0x00007ff9d021b000 	C:\WINDOWS\SYSTEM32\IPHLPAPI.DLL
0x00007ff9d34d0000 - 0x00007ff9d34d8000 	C:\WINDOWS\System32\NSI.dll
0x00007ff9be7c0000 - 0x00007ff9be7d7000 	C:\WINDOWS\SYSTEM32\dhcpcsvc6.DLL
0x00007ff9beab0000 - 0x00007ff9beacd000 	C:\WINDOWS\SYSTEM32\dhcpcsvc.DLL
0x00007ff9d0220000 - 0x00007ff9d02ec000 	C:\WINDOWS\SYSTEM32\DNSAPI.dll
0x00007ff9c74e0000 - 0x00007ff9c74eb000 	C:\WINDOWS\SYSTEM32\WINNSI.DLL
0x00007ff9bcf10000 - 0x00007ff9bcf34000 	D:\SOFTWARE SETUP\AndroidStuIns\jre\jre\bin\sunec.dll
0x0000000071490000 - 0x00000000714b6000 	C:\Program Files\Bonjour\mdnsNSP.dll
0x00007ff9c1370000 - 0x00007ff9c137a000 	C:\Windows\System32\rasadhlp.dll
0x00007ff9bd9c0000 - 0x00007ff9bda3f000 	C:\WINDOWS\System32\fwpuclnt.dll
0x00007ff9c8c80000 - 0x00007ff9c8c8b000 	D:\SOFTWARE SETUP\AndroidStuIns\jre\jre\bin\sunmscapi.dll
0x00007ff9d1910000 - 0x00007ff9d1a6f000 	C:\WINDOWS\System32\CRYPT32.dll
0x00007ff9d1160000 - 0x00007ff9d1193000 	C:\WINDOWS\SYSTEM32\ntmarta.dll
0x00007ff99a120000 - 0x00007ff99a2bc000 	D:\SOFTWARE SETUP\AndroidStuIns\jre\jre\bin\awt.dll
0x00007ff9d3aa0000 - 0x00007ff9d3b6d000 	C:\WINDOWS\System32\OLEAUT32.dll
0x00007ff9cdfc0000 - 0x00007ff9cdfef000 	C:\WINDOWS\SYSTEM32\dwmapi.dll
0x00007ff9c97a0000 - 0x00007ff9c9d60000 	C:\WINDOWS\SYSTEM32\d2d1.dll
0x00007ff9ca860000 - 0x00007ff9ca8f0000 	C:\WINDOWS\SYSTEM32\apphelp.dll
0x00007ff9ca960000 - 0x00007ff9ca9fe000 	C:\WINDOWS\system32\uxtheme.dll
0x00007ff9c58a0000 - 0x00007ff9c58be000 	C:\Users\AppStudio\AppData\Local\Temp\native-platform7497175879517881090dir\native-platform.dll

VM Arguments:
jvm_args: -Xmx2048m -Dfile.encoding=UTF-8 -Duser.country=IN -Duser.language=en -Duser.variant 
java_command: org.gradle.launcher.daemon.bootstrap.GradleDaemon 6.5
java_class_path (initial): C:\Users\AppStudio\.gradle\wrapper\dists\gradle-6.5-bin\6nifqtx7604sqp1q6g8wikw7p\gradle-6.5\lib\gradle-launcher-6.5.jar
Launcher Type: SUN_STANDARD

Environment Variables:
PATH=C:\Program Files (x86)\Common Files\Oracle\Java\javapath;C:\ProgramData\Oracle\Java\javapath;C:\Windows\system32;C:\Windows;C:\Windows\System32\Wbem;C:\Windows\System32\WindowsPowerShell\v1.0\;C:\Windows\System32\OpenSSH\;C:\WINDOWS\system32;C:\WINDOWS;C:\WINDOWS\System32\Wbem;C:\WINDOWS\System32\WindowsPowerShell\v1.0\;C:\WINDOWS\System32\OpenSSH\;C:\Program Files\Intel\WiFi\bin\;C:\Program Files\Common Files\Intel\WirelessCommon\;C:\Program Files (x86)\Intel\Intel(R) Management Engine Components\DAL;C:\Program Files\Intel\Intel(R) Management Engine Components\DAL;C:\WINDOWS\system32;C:\WINDOWS;C:\WINDOWS\System32\Wbem;C:\WINDOWS\System32\WindowsPowerShell\v1.0\;C:\WINDOWS\System32\OpenSSH\;C:\Program Files\Java\jdk1.8.0_60\bin;C:\Users\AppStudio\AppData\Local\Microsoft\WindowsApps
USERNAME=AppStudio
OS=Windows_NT
PROCESSOR_IDENTIFIER=Intel64 Family 6 Model 142 Stepping 11, GenuineIntel



---------------  S Y S T E M  ---------------

OS: Windows 10.0 , 64 bit Build 19041 (10.0.19041.928)

CPU:total 8 (initial active 8) (4 cores per cpu, 2 threads per core) family 6 model 142 stepping 11, cmov, cx8, fxsr, mmx, sse, sse2, sse3, ssse3, sse4.1, sse4.2, popcnt, avx, avx2, aes, clmul, erms, 3dnowpref, lzcnt, ht, tsc, tscinvbit, bmi1, bmi2, adx

Memory: 4k page, physical 12353804k(1131880k free), swap 25983752k(5456k free)

vm_info: OpenJDK 64-Bit Server VM (25.242-b01) for windows-amd64 JRE (1.8.0_242-release-1644-b01), built by "builder" with MS VC++ 10.0 (VS2010)

time: Mon Jun 07 22:46:00 2021
timezone: India Standard Time
elapsed time: 884 seconds (0d 0h 14m 44s)

